#
# There is insufficient memory for the Java Runtime Environment to continue.
# Native memory allocation (malloc) failed to allocate 2390352 bytes. Error detail: Chunk::new
# Possible reasons:
#   The system is out of physical RAM or swap space
#   This process is running with CompressedOops enabled, and the Java Heap may be blocking the growth of the native heap
# Possible solutions:
#   Reduce memory load on the system
#   Increase physical memory or swap space
#   Check if swap backing store is full
#   Decrease Java heap size (-Xmx/-Xms)
#   Decrease number of Java threads
#   Decrease Java thread stack sizes (-Xss)
#   Set larger code cache with -XX:ReservedCodeCacheSize=
#   JVM is running with Unscaled Compressed Oops mode in which the Java heap is
#     placed in the first 4GB address space. The Java Heap base address is the
#     maximum limit for the native heap growth. Please use -XX:HeapBaseMinAddress
#     to set the Java Heap base and to place the Java Heap above 4GB virtual address.
# This output file may be truncated or incomplete.
#
#  Out of Memory Error (arena.cpp:162), pid=32596, tid=31412
#
# JRE version: Java(TM) SE Runtime Environment (24.0.2+12) (build 24.0.2+12-54)
# Java VM: Java HotSpot(TM) 64-Bit Server VM (24.0.2+12-54, mixed mode, sharing, tiered, compressed oops, compressed class ptrs, g1 gc, windows-amd64)
# No core dump will be written. Minidumps are not enabled by default on client versions of Windows
#

---------------  S U M M A R Y ------------

Command Line: c:\Users\deeks\.vscode\extensions\salesforce.salesforce-vscode-slds-2.0.12\lsp-2.0.12-executable.jar --PORT=53712

Host: AMD Ryzen 5 5500U with Radeon Graphics         , 12 cores, 5G,  Windows 11 , 64 bit Build 22621 (10.0.22621.5415)
Time: Fri Mar 27 17:17:34 2026 India Standard Time elapsed time: 6444.378287 seconds (0d 1h 47m 24s)

---------------  T H R E A D  ---------------

Current thread (0x0000027a4c320620):  JavaThread "C2 CompilerThread0" daemon [_thread_in_native, id=31412, stack(0x0000008e51800000,0x0000008e51900000) (1024K)]


Current CompileTask:
C2:6444378 6814       4       vendors.org.jsoup.parser.CharacterReader::cacheString (139 bytes)

Stack: [0x0000008e51800000,0x0000008e51900000]
Native frames: (J=compiled Java code, j=interpreted, Vv=VM code, C=native code)
V  [jvm.dll+0x730829]  (no source info available)
V  [jvm.dll+0x8d9da3]  (no source info available)
V  [jvm.dll+0x8dc28d]  (no source info available)
V  [jvm.dll+0x8dc903]  (no source info available)
V  [jvm.dll+0x2a9f56]  (no source info available)
V  [jvm.dll+0xced7f]  (no source info available)
V  [jvm.dll+0xcefdf]  (no source info available)
V  [jvm.dll+0x154c83]  (no source info available)
V  [jvm.dll+0x73604f]  (no source info available)
V  [jvm.dll+0x26f8dc]  (no source info available)
V  [jvm.dll+0x26e8ff]  (no source info available)
V  [jvm.dll+0x1e9c90]  (no source info available)
V  [jvm.dll+0x27e0cb]  (no source info available)
V  [jvm.dll+0x27c36a]  (no source info available)
V  [jvm.dll+0x42f396]  (no source info available)
V  [jvm.dll+0x87d9eb]  (no source info available)
V  [jvm.dll+0x72ef45]  (no source info available)
C  [ucrtbase.dll+0x29333]  (no source info available)
C  [KERNEL32.DLL+0x1259d]  (no source info available)
C  [ntdll.dll+0x5af78]  (no source info available)

Lock stack of current Java thread (top to bottom):


---------------  P R O C E S S  ---------------

Threads class SMR info:
_java_thread_list=0x0000027a9329b100, length=24, elements={
0x0000027a4c30b180, 0x0000027a4c30beb0, 0x0000027a4c30e150, 0x0000027a4c3110e0,
0x0000027a4c312020, 0x0000027a4c313f60, 0x0000027a4c320620, 0x0000027a4c3241c0,
0x0000027a4c3b3000, 0x0000027a4c3baf80, 0x0000027a4c45fca0, 0x0000027a931d3cd0,
0x0000027a92b1de70, 0x0000027a92b1fbb0, 0x0000027a92b1d720, 0x0000027a92b23630,
0x0000027a92b1ed10, 0x0000027a92b20300, 0x0000027a92b211a0, 0x0000027a92b20a50,
0x0000027a92b218f0, 0x0000027a92b1c880, 0x0000027a92b23d80, 0x0000027a930897c0
}

Java Threads: ( => current thread )
  0x0000027a4c30b180 JavaThread "Reference Handler"          daemon [_thread_blocked, id=14544, stack(0x0000008e51200000,0x0000008e51300000) (1024K)]
  0x0000027a4c30beb0 JavaThread "Finalizer"                  daemon [_thread_blocked, id=30456, stack(0x0000008e51300000,0x0000008e51400000) (1024K)]
  0x0000027a4c30e150 JavaThread "Signal Dispatcher"          daemon [_thread_blocked, id=14944, stack(0x0000008e51400000,0x0000008e51500000) (1024K)]
  0x0000027a4c3110e0 JavaThread "Attach Listener"            daemon [_thread_blocked, id=22488, stack(0x0000008e51500000,0x0000008e51600000) (1024K)]
  0x0000027a4c312020 JavaThread "Service Thread"             daemon [_thread_blocked, id=22644, stack(0x0000008e51600000,0x0000008e51700000) (1024K)]
  0x0000027a4c313f60 JavaThread "Monitor Deflation Thread"   daemon [_thread_blocked, id=14716, stack(0x0000008e51700000,0x0000008e51800000) (1024K)]
=>0x0000027a4c320620 JavaThread "C2 CompilerThread0"         daemon [_thread_in_native, id=31412, stack(0x0000008e51800000,0x0000008e51900000) (1024K)]
  0x0000027a4c3241c0 JavaThread "C1 CompilerThread0"         daemon [_thread_blocked, id=15324, stack(0x0000008e51900000,0x0000008e51a00000) (1024K)]
  0x0000027a4c3b3000 JavaThread "Notification Thread"        daemon [_thread_blocked, id=8848, stack(0x0000008e51a00000,0x0000008e51b00000) (1024K)]
  0x0000027a4c3baf80 JavaThread "Common-Cleaner"             daemon [_thread_blocked, id=14488, stack(0x0000008e51b00000,0x0000008e51c00000) (1024K)]
  0x0000027a4c45fca0 JavaThread "Cleaner-0"                  daemon [_thread_blocked, id=4752, stack(0x0000008e51c00000,0x0000008e51d00000) (1024K)]
  0x0000027a931d3cd0 JavaThread "pool-1-thread-1"                   [_thread_in_native, id=14708, stack(0x0000008e52800000,0x0000008e52900000) (1024K)]
  0x0000027a92b1de70 JavaThread "DestroyJavaVM"                     [_thread_blocked, id=13984, stack(0x0000008e50a00000,0x0000008e50b00000) (1024K)]
  0x0000027a92b1fbb0 JavaThread "ForkJoinPool.commonPool-worker-115" daemon [_thread_blocked, id=9452, stack(0x0000008e50700000,0x0000008e50800000) (1024K)]
  0x0000027a92b1d720 JavaThread "ForkJoinPool.commonPool-worker-116" daemon [_thread_blocked, id=6572, stack(0x0000008e50800000,0x0000008e50900000) (1024K)]
  0x0000027a92b23630 JavaThread "ForkJoinPool.commonPool-worker-117" daemon [_thread_blocked, id=22024, stack(0x0000008e50900000,0x0000008e50a00000) (1024K)]
  0x0000027a92b1ed10 JavaThread "ForkJoinPool.commonPool-worker-118" daemon [_thread_blocked, id=32620, stack(0x0000008e52900000,0x0000008e52a00000) (1024K)]
  0x0000027a92b20300 JavaThread "ForkJoinPool.commonPool-worker-119" daemon [_thread_blocked, id=21912, stack(0x0000008e52a00000,0x0000008e52b00000) (1024K)]
  0x0000027a92b211a0 JavaThread "ForkJoinPool.commonPool-worker-120" daemon [_thread_blocked, id=1816, stack(0x0000008e52b00000,0x0000008e52c00000) (1024K)]
  0x0000027a92b20a50 JavaThread "ForkJoinPool.commonPool-worker-121" daemon [_thread_blocked, id=24956, stack(0x0000008e52c00000,0x0000008e52d00000) (1024K)]
  0x0000027a92b218f0 JavaThread "ForkJoinPool.commonPool-worker-122" daemon [_thread_blocked, id=16216, stack(0x0000008e52d00000,0x0000008e52e00000) (1024K)]
  0x0000027a92b1c880 JavaThread "ForkJoinPool.commonPool-worker-123" daemon [_thread_blocked, id=24788, stack(0x0000008e52e00000,0x0000008e52f00000) (1024K)]
  0x0000027a92b23d80 JavaThread "ForkJoinPool.commonPool-worker-124" daemon [_thread_blocked, id=9500, stack(0x0000008e52f00000,0x0000008e53000000) (1024K)]
  0x0000027a930897c0 JavaThread "ForkJoinPool.commonPool-worker-125" daemon [_thread_blocked, id=10004, stack(0x0000008e53000000,0x0000008e53100000) (1024K)]
Total: 24

Other Threads:
  0x0000027a4c2fb7a0 VMThread "VM Thread"                           [id=31016, stack(0x0000008e51100000,0x0000008e51200000) (1024K)]
  0x0000027a4c2ef4f0 WatcherThread "VM Periodic Task Thread"        [id=18780, stack(0x0000008e51000000,0x0000008e51100000) (1024K)]
  0x0000027a2fbd6300 WorkerThread "GC Thread#0"                     [id=25772, stack(0x0000008e50b00000,0x0000008e50c00000) (1024K)]
  0x0000027a928424c0 WorkerThread "GC Thread#1"                     [id=29732, stack(0x0000008e51d00000,0x0000008e51e00000) (1024K)]
  0x0000027a9284c0a0 WorkerThread "GC Thread#2"                     [id=15112, stack(0x0000008e51e00000,0x0000008e51f00000) (1024K)]
  0x0000027a92d7d6b0 WorkerThread "GC Thread#3"                     [id=23364, stack(0x0000008e51f00000,0x0000008e52000000) (1024K)]
  0x0000027a92d806e0 WorkerThread "GC Thread#4"                     [id=7944, stack(0x0000008e52000000,0x0000008e52100000) (1024K)]
  0x0000027a92eb20f0 WorkerThread "GC Thread#5"                     [id=24528, stack(0x0000008e52100000,0x0000008e52200000) (1024K)]
  0x0000027a932286e0 WorkerThread "GC Thread#6"                     [id=20604, stack(0x0000008e52200000,0x0000008e52300000) (1024K)]
  0x0000027a93228a90 WorkerThread "GC Thread#7"                     [id=15564, stack(0x0000008e52300000,0x0000008e52400000) (1024K)]
  0x0000027a93228e40 WorkerThread "GC Thread#8"                     [id=25108, stack(0x0000008e52400000,0x0000008e52500000) (1024K)]
  0x0000027a932291f0 WorkerThread "GC Thread#9"                     [id=2596, stack(0x0000008e52500000,0x0000008e52600000) (1024K)]
  0x0000027a2fbe7690 ConcurrentGCThread "G1 Main Marker"            [id=31416, stack(0x0000008e50c00000,0x0000008e50d00000) (1024K)]
  0x0000027a2fbe81a0 WorkerThread "G1 Conc#0"                       [id=28392, stack(0x0000008e50d00000,0x0000008e50e00000) (1024K)]
  0x0000027a931042e0 WorkerThread "G1 Conc#1"                       [id=32300, stack(0x0000008e52600000,0x0000008e52700000) (1024K)]
  0x0000027a93105900 WorkerThread "G1 Conc#2"                       [id=24780, stack(0x0000008e52700000,0x0000008e52800000) (1024K)]
  0x0000027a2fc4ea40 ConcurrentGCThread "G1 Refine#0"               [id=10288, stack(0x0000008e50e00000,0x0000008e50f00000) (1024K)]
  0x0000027a4c1b7740 ConcurrentGCThread "G1 Service"                [id=20904, stack(0x0000008e50f00000,0x0000008e51000000) (1024K)]
Total: 18

Threads with active compile tasks:
C2 CompilerThread0  6444497 6814       4       vendors.org.jsoup.parser.CharacterReader::cacheString (139 bytes)
Total: 1

VM state: not at safepoint (normal execution)

VM Mutex/Monitor currently owned by a thread: None

Heap address: 0x00000000a2600000, size: 1498 MB, Compressed Oops mode: 32-bit

CDS archive(s) mapped at: [0x0000027a4d000000-0x0000027a4dd40000-0x0000027a4dd40000), size 13893632, SharedBaseAddress: 0x0000027a4d000000, ArchiveRelocationMode: 1.
Compressed class space mapped at: 0x0000027a4e000000-0x0000027a8e000000, reserved size: 1073741824
UseCompressedClassPointers 1, UseCompactObjectHeaders 0
Narrow klass pointer bits 32, Max shift 3
Narrow klass base: 0x0000027a4d000000, Narrow klass shift: 0
Encoding Range: [0x0000027a4d000000 - 0x0000027b4d000000), (4294967296 bytes)
Klass Range:    [0x0000027a4d000000 - 0x0000027a8e000000), (1090519040 bytes)
Klass ID Range:  [8 - 1090519033) (1090519025)

GC Precious Log:
 CardTable entry size: 512
 Card Set container configuration: InlinePtr #cards 5 size 8 Array Of Cards #cards 10 size 36 Howl #buckets 4 coarsen threshold 1843 Howl Bitmap #cards 512 size 80 coarsen threshold 460 Card regions per heap region 1 cards per card region 2048
 CPUs: 12 total, 12 available
 Memory: 5989M
 Large Page Support: Disabled
 NUMA Support: Disabled
 Compressed Oops: Enabled (32-bit)
 Heap Region Size: 1M
 Heap Min Capacity: 8M
 Heap Initial Capacity: 94M
 Heap Max Capacity: 1498M
 Pre-touch: Disabled
 Parallel Workers: 10
 Concurrent Workers: 3
 Concurrent Refinement Workers: 10
 Periodic GC: Disabled

Heap:
 garbage-first heap   total reserved 1533952K, committed 63488K, used 45664K [0x00000000a2600000, 0x0000000100000000)
  region size 1024K, 31 young (31744K), 2 survivors (2048K)
 Metaspace       used 31853K, committed 32256K, reserved 1114112K
  class space    used 3321K, committed 3520K, reserved 1048576K

Heap Regions: E=young(eden), S=young(survivor), O=old, HS=humongous(starts), HC=humongous(continues), CS=collection set, F=free, TAMS=top-at-mark-start, PB=parsable bottom
|   0|0x00000000a2600000, 0x00000000a2700000, 0x00000000a2700000|100%| O|  |TAMS 0x00000000a2600000| PB 0x00000000a2600000| Untracked |  0
|   1|0x00000000a2700000, 0x00000000a2800000, 0x00000000a2800000|100%| O|  |TAMS 0x00000000a2700000| PB 0x00000000a2700000| Untracked |  0
|   2|0x00000000a2800000, 0x00000000a2900000, 0x00000000a2900000|100%| O|  |TAMS 0x00000000a2800000| PB 0x00000000a2800000| Untracked |  0
|   3|0x00000000a2900000, 0x00000000a2a00000, 0x00000000a2a00000|100%| O|  |TAMS 0x00000000a2900000| PB 0x00000000a2900000| Untracked |  0
|   4|0x00000000a2a00000, 0x00000000a2b00000, 0x00000000a2b00000|100%| O|  |TAMS 0x00000000a2a00000| PB 0x00000000a2a00000| Untracked |  0
|   5|0x00000000a2b00000, 0x00000000a2c00000, 0x00000000a2c00000|100%| O|  |TAMS 0x00000000a2b00000| PB 0x00000000a2b00000| Untracked |  0
|   6|0x00000000a2c00000, 0x00000000a2d00000, 0x00000000a2d00000|100%| O|  |TAMS 0x00000000a2c00000| PB 0x00000000a2c00000| Untracked |  0
|   7|0x00000000a2d00000, 0x00000000a2e00000, 0x00000000a2e00000|100%| O|  |TAMS 0x00000000a2d00000| PB 0x00000000a2d00000| Untracked |  0
|   8|0x00000000a2e00000, 0x00000000a2f00000, 0x00000000a2f00000|100%| O|  |TAMS 0x00000000a2e00000| PB 0x00000000a2e00000| Untracked |  0
|   9|0x00000000a2f00000, 0x00000000a3000000, 0x00000000a3000000|100%| O|  |TAMS 0x00000000a2f00000| PB 0x00000000a2f00000| Untracked |  0
|  10|0x00000000a3000000, 0x00000000a3100000, 0x00000000a3100000|100%| O|  |TAMS 0x00000000a3000000| PB 0x00000000a3000000| Untracked |  0
|  11|0x00000000a3100000, 0x00000000a31b2d40, 0x00000000a3200000| 69%| O|  |TAMS 0x00000000a3100000| PB 0x00000000a3100000| Untracked |  0
|  12|0x00000000a3200000, 0x00000000a3200000, 0x00000000a3300000|  0%| F|  |TAMS 0x00000000a3200000| PB 0x00000000a3200000| Untracked |  0
|  13|0x00000000a3300000, 0x00000000a3300000, 0x00000000a3400000|  0%| F|  |TAMS 0x00000000a3300000| PB 0x00000000a3300000| Untracked |  0
|  14|0x00000000a3400000, 0x00000000a3400000, 0x00000000a3500000|  0%| F|  |TAMS 0x00000000a3400000| PB 0x00000000a3400000| Untracked |  0
|  15|0x00000000a3500000, 0x00000000a3600000, 0x00000000a3600000|100%| O|  |TAMS 0x00000000a3500000| PB 0x00000000a3500000| Untracked |  0
|  16|0x00000000a3600000, 0x00000000a3700000, 0x00000000a3700000|100%| O|  |TAMS 0x00000000a3600000| PB 0x00000000a3600000| Untracked |  0
|  17|0x00000000a3700000, 0x00000000a3700000, 0x00000000a3800000|  0%| F|  |TAMS 0x00000000a3700000| PB 0x00000000a3700000| Untracked |  0
|  18|0x00000000a3800000, 0x00000000a3800000, 0x00000000a3900000|  0%| F|  |TAMS 0x00000000a3800000| PB 0x00000000a3800000| Untracked |  0
|  19|0x00000000a3900000, 0x00000000a3900000, 0x00000000a3a00000|  0%| F|  |TAMS 0x00000000a3900000| PB 0x00000000a3900000| Untracked |  0
|  20|0x00000000a3a00000, 0x00000000a3a00000, 0x00000000a3b00000|  0%| F|  |TAMS 0x00000000a3a00000| PB 0x00000000a3a00000| Untracked |  0
|  21|0x00000000a3b00000, 0x00000000a3b00000, 0x00000000a3c00000|  0%| F|  |TAMS 0x00000000a3b00000| PB 0x00000000a3b00000| Untracked |  0
|  22|0x00000000a3c00000, 0x00000000a3c00000, 0x00000000a3d00000|  0%| F|  |TAMS 0x00000000a3c00000| PB 0x00000000a3c00000| Untracked |  0
|  23|0x00000000a3d00000, 0x00000000a3d00000, 0x00000000a3e00000|  0%| F|  |TAMS 0x00000000a3d00000| PB 0x00000000a3d00000| Untracked |  0
|  24|0x00000000a3e00000, 0x00000000a3e00000, 0x00000000a3f00000|  0%| F|  |TAMS 0x00000000a3e00000| PB 0x00000000a3e00000| Untracked |  0
|  25|0x00000000a3f00000, 0x00000000a3f00000, 0x00000000a4000000|  0%| F|  |TAMS 0x00000000a3f00000| PB 0x00000000a3f00000| Untracked |  0
|  26|0x00000000a4000000, 0x00000000a40e5668, 0x00000000a4100000| 89%| S|CS|TAMS 0x00000000a4000000| PB 0x00000000a4000000| Complete |  0
|  27|0x00000000a4100000, 0x00000000a4200000, 0x00000000a4200000|100%| S|CS|TAMS 0x00000000a4100000| PB 0x00000000a4100000| Complete |  0
|  28|0x00000000a4200000, 0x00000000a4200000, 0x00000000a4300000|  0%| F|  |TAMS 0x00000000a4200000| PB 0x00000000a4200000| Untracked |  0
|  29|0x00000000a4300000, 0x00000000a4300000, 0x00000000a4400000|  0%| F|  |TAMS 0x00000000a4300000| PB 0x00000000a4300000| Untracked |  0
|  30|0x00000000a4400000, 0x00000000a4400000, 0x00000000a4500000|  0%| F|  |TAMS 0x00000000a4400000| PB 0x00000000a4400000| Untracked |  0
|  31|0x00000000a4500000, 0x00000000a4500000, 0x00000000a4600000|  0%| F|  |TAMS 0x00000000a4500000| PB 0x00000000a4500000| Untracked |  0
|  32|0x00000000a4600000, 0x00000000a465fd78, 0x00000000a4700000| 37%| E|  |TAMS 0x00000000a4600000| PB 0x00000000a4600000| Complete |  0
|  33|0x00000000a4700000, 0x00000000a4800000, 0x00000000a4800000|100%| E|CS|TAMS 0x00000000a4700000| PB 0x00000000a4700000| Complete |  0
|  34|0x00000000a4800000, 0x00000000a4900000, 0x00000000a4900000|100%| E|CS|TAMS 0x00000000a4800000| PB 0x00000000a4800000| Complete |  0
|  35|0x00000000a4900000, 0x00000000a4a00000, 0x00000000a4a00000|100%| E|CS|TAMS 0x00000000a4900000| PB 0x00000000a4900000| Complete |  0
|  36|0x00000000a4a00000, 0x00000000a4b00000, 0x00000000a4b00000|100%| E|CS|TAMS 0x00000000a4a00000| PB 0x00000000a4a00000| Complete |  0
|  37|0x00000000a4b00000, 0x00000000a4c00000, 0x00000000a4c00000|100%| E|CS|TAMS 0x00000000a4b00000| PB 0x00000000a4b00000| Complete |  0
|  38|0x00000000a4c00000, 0x00000000a4d00000, 0x00000000a4d00000|100%| E|CS|TAMS 0x00000000a4c00000| PB 0x00000000a4c00000| Complete |  0
|  39|0x00000000a4d00000, 0x00000000a4e00000, 0x00000000a4e00000|100%| E|CS|TAMS 0x00000000a4d00000| PB 0x00000000a4d00000| Complete |  0
|  40|0x00000000a4e00000, 0x00000000a4f00000, 0x00000000a4f00000|100%| E|CS|TAMS 0x00000000a4e00000| PB 0x00000000a4e00000| Complete |  0
|  41|0x00000000a4f00000, 0x00000000a5000000, 0x00000000a5000000|100%| E|CS|TAMS 0x00000000a4f00000| PB 0x00000000a4f00000| Complete |  0
|  42|0x00000000a5000000, 0x00000000a5100000, 0x00000000a5100000|100%| E|CS|TAMS 0x00000000a5000000| PB 0x00000000a5000000| Complete |  0
|  43|0x00000000a5100000, 0x00000000a5200000, 0x00000000a5200000|100%| E|CS|TAMS 0x00000000a5100000| PB 0x00000000a5100000| Complete |  0
|  44|0x00000000a5200000, 0x00000000a5300000, 0x00000000a5300000|100%| E|CS|TAMS 0x00000000a5200000| PB 0x00000000a5200000| Complete |  0
|  45|0x00000000a5300000, 0x00000000a5400000, 0x00000000a5400000|100%| E|CS|TAMS 0x00000000a5300000| PB 0x00000000a5300000| Complete |  0
|  46|0x00000000a5400000, 0x00000000a5500000, 0x00000000a5500000|100%| E|CS|TAMS 0x00000000a5400000| PB 0x00000000a5400000| Complete |  0
|  47|0x00000000a5500000, 0x00000000a5600000, 0x00000000a5600000|100%| E|CS|TAMS 0x00000000a5500000| PB 0x00000000a5500000| Complete |  0
|  48|0x00000000a5600000, 0x00000000a5700000, 0x00000000a5700000|100%| E|CS|TAMS 0x00000000a5600000| PB 0x00000000a5600000| Complete |  0
|  49|0x00000000a5700000, 0x00000000a5800000, 0x00000000a5800000|100%| E|CS|TAMS 0x00000000a5700000| PB 0x00000000a5700000| Complete |  0
|  50|0x00000000a5800000, 0x00000000a5900000, 0x00000000a5900000|100%| E|CS|TAMS 0x00000000a5800000| PB 0x00000000a5800000| Complete |  0
|  51|0x00000000a5900000, 0x00000000a5a00000, 0x00000000a5a00000|100%| E|CS|TAMS 0x00000000a5900000| PB 0x00000000a5900000| Complete |  0
|  52|0x00000000a5a00000, 0x00000000a5b00000, 0x00000000a5b00000|100%| E|CS|TAMS 0x00000000a5a00000| PB 0x00000000a5a00000| Complete |  0
|  53|0x00000000a5b00000, 0x00000000a5c00000, 0x00000000a5c00000|100%| E|CS|TAMS 0x00000000a5b00000| PB 0x00000000a5b00000| Complete |  0
|  54|0x00000000a5c00000, 0x00000000a5d00000, 0x00000000a5d00000|100%| E|CS|TAMS 0x00000000a5c00000| PB 0x00000000a5c00000| Complete |  0
|  55|0x00000000a5d00000, 0x00000000a5e00000, 0x00000000a5e00000|100%| E|CS|TAMS 0x00000000a5d00000| PB 0x00000000a5d00000| Complete |  0
|  56|0x00000000a5e00000, 0x00000000a5f00000, 0x00000000a5f00000|100%| E|CS|TAMS 0x00000000a5e00000| PB 0x00000000a5e00000| Complete |  0
|  57|0x00000000a5f00000, 0x00000000a6000000, 0x00000000a6000000|100%| E|CS|TAMS 0x00000000a5f00000| PB 0x00000000a5f00000| Complete |  0
|  84|0x00000000a7a00000, 0x00000000a7b00000, 0x00000000a7b00000|100%| E|CS|TAMS 0x00000000a7a00000| PB 0x00000000a7a00000| Complete |  0
|  93|0x00000000a8300000, 0x00000000a8400000, 0x00000000a8400000|100%| E|CS|TAMS 0x00000000a8300000| PB 0x00000000a8300000| Complete |  0
|1496|0x00000000ffe00000, 0x00000000fff00000, 0x00000000fff00000|100%| O|  |TAMS 0x00000000ffe00000| PB 0x00000000ffe00000| Untracked |  0
|1497|0x00000000fff00000, 0x0000000100000000, 0x0000000100000000|100%| E|CS|TAMS 0x00000000fff00000| PB 0x00000000fff00000| Complete |  0

Card table byte_map: [0x0000027a47c80000,0x0000027a47f70000] _byte_map_base: 0x0000027a4776d000

Marking Bits: (CMBitMap*) 0x0000027a2fbd6a10
 Bits: [0x0000027a47f70000, 0x0000027a496d8000)

Polling page: 0x0000027a2f360000

Metaspace:

Usage:
  Non-class:     27.86 MB used.
      Class:      3.24 MB used.
       Both:     31.11 MB used.

Virtual space:
  Non-class space:       64.00 MB reserved,      28.06 MB ( 44%) committed,  1 nodes.
      Class space:        1.00 GB reserved,       3.44 MB ( <1%) committed,  1 nodes.
             Both:        1.06 GB reserved,      31.50 MB (  3%) committed. 

Chunk freelists:
   Non-Class:  3.12 MB
       Class:  12.58 MB
        Both:  15.70 MB

MaxMetaspaceSize: unlimited
CompressedClassSpaceSize: 1.00 GB
Initial GC threshold: 21.00 MB
Current GC threshold: 35.31 MB
CDS: on
 - commit_granule_bytes: 65536.
 - commit_granule_words: 8192.
 - virtual_space_node_default_size: 8388608.
 - enlarge_chunks_in_place: 1.
UseCompressedClassPointers 1, UseCompactObjectHeaders 0
Narrow klass pointer bits 32, Max shift 3
Narrow klass base: 0x0000027a4d000000, Narrow klass shift: 0
Encoding Range: [0x0000027a4d000000 - 0x0000027b4d000000), (4294967296 bytes)
Klass Range:    [0x0000027a4d000000 - 0x0000027a8e000000), (1090519040 bytes)
Klass ID Range:  [8 - 1090519033) (1090519025)


Internal statistics:

num_allocs_failed_limit: 3.
num_arena_births: 524.
num_arena_deaths: 0.
num_vsnodes_births: 2.
num_vsnodes_deaths: 0.
num_space_committed: 504.
num_space_uncommitted: 0.
num_chunks_returned_to_freelist: 3.
num_chunks_taken_from_freelist: 1648.
num_chunk_merges: 3.
num_chunk_splits: 1161.
num_chunks_enlarged: 903.
num_inconsistent_stats: 0.

CodeHeap 'non-profiled nmethods': size=120064Kb used=3344Kb max_used=3344Kb free=116719Kb
 bounds [0x0000027a3fef0000, 0x0000027a40240000, 0x0000027a47430000]
CodeHeap 'profiled nmethods': size=120000Kb used=11702Kb max_used=11702Kb free=108297Kb
 bounds [0x0000027a38430000, 0x0000027a38fa0000, 0x0000027a3f960000]
CodeHeap 'non-nmethods': size=5696Kb used=1449Kb max_used=1635Kb free=4246Kb
 bounds [0x0000027a3f960000, 0x0000027a3fbd0000, 0x0000027a3fef0000]
CodeCache: size=245760Kb, used=16495Kb, max_used=16681Kb, free=229262Kb
 total_blobs=7446, nmethods=6828, adapters=522, full_count=0
Compilation: enabled, stopped_count=0, restarted_count=0

Compilation events (20 events):
Event: 6444.292 Thread 0x0000027a4c3241c0 6816       3       java.lang.StringUTF16::codePointAt (86 bytes)
Event: 6444.295 Thread 0x0000027a4c3241c0 nmethod 6816 0x0000027a38f98408 code [0x0000027a38f98580, 0x0000027a38f98c70]
Event: 6444.301 Thread 0x0000027a4c3241c0 6820       3       vendors.org.jsoup.nodes.Element::ensureChildNodes (28 bytes)
Event: 6444.303 Thread 0x0000027a4c3241c0 nmethod 6820 0x0000027a38f98d08 code [0x0000027a38f98e40, 0x0000027a38f991b0]
Event: 6444.325 Thread 0x0000027a4c3241c0 6821       1       org.apache.commons.lang3.builder.EqualsBuilder::isEquals (5 bytes)
Event: 6444.326 Thread 0x0000027a4c3241c0 nmethod 6821 0x0000027a40233c08 code [0x0000027a40233d00, 0x0000027a40233dc8]
Event: 6444.326 Thread 0x0000027a4c3241c0 6822       3       org.apache.commons.lang3.builder.EqualsBuilder::append (87 bytes)
Event: 6444.328 Thread 0x0000027a4c3241c0 nmethod 6822 0x0000027a38f99208 code [0x0000027a38f993a0, 0x0000027a38f999e0]
Event: 6444.349 Thread 0x0000027a4c3241c0 6823       3       com.salesforce.slds.shared.models.core.HTMLElement::getType (4 bytes)
Event: 6444.351 Thread 0x0000027a4c3241c0 nmethod 6823 0x0000027a38f99a88 code [0x0000027a38f99ba0, 0x0000027a38f99cb0]
Event: 6444.351 Thread 0x0000027a4c3241c0 6824       3       com.salesforce.slds.validation.validators.BaseValidator$$Lambda/0x0000027a4e314260::test (8 bytes)
Event: 6444.352 Thread 0x0000027a4c3241c0 nmethod 6824 0x0000027a38f99d88 code [0x0000027a38f99ec0, 0x0000027a38f9a220]
Event: 6444.352 Thread 0x0000027a4c3241c0 6825       3       com.salesforce.slds.validation.validators.BaseValidator::lambda$matches$4 (16 bytes)
Event: 6444.353 Thread 0x0000027a4c3241c0 nmethod 6825 0x0000027a38f9a288 code [0x0000027a38f9a3a0, 0x0000027a38f9a5a8]
Event: 6444.356 Thread 0x0000027a4c3241c0 6828       1       com.salesforce.slds.shared.models.core.HTMLElement::getContent (5 bytes)
Event: 6444.357 Thread 0x0000027a4c3241c0 nmethod 6828 0x0000027a40233f08 code [0x0000027a40234000, 0x0000027a402340c8]
Event: 6444.370 Thread 0x0000027a4c3241c0 6831       2       java.util.stream.ReduceOps$ReduceTask::onCompletion (51 bytes)
Event: 6444.372 Thread 0x0000027a4c3241c0 nmethod 6831 0x0000027a38f9a608 code [0x0000027a38f9a740, 0x0000027a38f9aac8]
Event: 6444.372 Thread 0x0000027a4c3241c0 6832       3       java.util.stream.Collectors::lambda$toList$0 (8 bytes)
Event: 6444.373 Thread 0x0000027a4c3241c0 nmethod 6832 0x0000027a38f9ab08 code [0x0000027a38f9ac20, 0x0000027a38f9ade0]

GC Heap History (20 events):
Event: 7.879 GC heap before
{Heap before GC invocations=1 (full 0):
 garbage-first heap   total reserved 1533952K, committed 98304K, used 46836K [0x00000000a2600000, 0x0000000100000000)
  region size 1024K, 45 young (46080K), 3 survivors (3072K)
 Metaspace       used 10396K, committed 10624K, reserved 1114112K
  class space    used 1109K, committed 1216K, reserved 1048576K
}
Event: 7.893 GC heap after
{Heap after GC invocations=2 (full 0):
 garbage-first heap   total reserved 1533952K, committed 98304K, used 5236K [0x00000000a2600000, 0x0000000100000000)
  region size 1024K, 4 young (4096K), 4 survivors (4096K)
 Metaspace       used 10396K, committed 10624K, reserved 1114112K
  class space    used 1109K, committed 1216K, reserved 1048576K
}
Event: 9.271 GC heap before
{Heap before GC invocations=2 (full 0):
 garbage-first heap   total reserved 1533952K, committed 98304K, used 58484K [0x00000000a2600000, 0x0000000100000000)
  region size 1024K, 56 young (57344K), 4 survivors (4096K)
 Metaspace       used 14073K, committed 14400K, reserved 1114112K
  class space    used 1454K, committed 1600K, reserved 1048576K
}
Event: 9.285 GC heap after
{Heap after GC invocations=3 (full 0):
 garbage-first heap   total reserved 1533952K, committed 98304K, used 7527K [0x00000000a2600000, 0x0000000100000000)
  region size 1024K, 4 young (4096K), 4 survivors (4096K)
 Metaspace       used 14073K, committed 14400K, reserved 1114112K
  class space    used 1454K, committed 1600K, reserved 1048576K
}
Event: 11.085 GC heap before
{Heap before GC invocations=3 (full 0):
 garbage-first heap   total reserved 1533952K, committed 98304K, used 60775K [0x00000000a2600000, 0x0000000100000000)
  region size 1024K, 56 young (57344K), 4 survivors (4096K)
 Metaspace       used 21082K, committed 21440K, reserved 1114112K
  class space    used 2083K, committed 2240K, reserved 1048576K
}
Event: 11.106 GC heap after
{Heap after GC invocations=4 (full 0):
 garbage-first heap   total reserved 1533952K, committed 98304K, used 10775K [0x00000000a2600000, 0x0000000100000000)
  region size 1024K, 7 young (7168K), 7 survivors (7168K)
 Metaspace       used 21082K, committed 21440K, reserved 1114112K
  class space    used 2083K, committed 2240K, reserved 1048576K
}
Event: 11.229 GC heap before
{Heap before GC invocations=4 (full 0):
 garbage-first heap   total reserved 1533952K, committed 98304K, used 60951K [0x00000000a2600000, 0x0000000100000000)
  region size 1024K, 56 young (57344K), 7 survivors (7168K)
 Metaspace       used 21106K, committed 21440K, reserved 1114112K
  class space    used 2083K, committed 2240K, reserved 1048576K
}
Event: 11.250 GC heap after
{Heap after GC invocations=5 (full 0):
 garbage-first heap   total reserved 1533952K, committed 98304K, used 11380K [0x00000000a2600000, 0x0000000100000000)
  region size 1024K, 1 young (1024K), 1 survivors (1024K)
 Metaspace       used 21106K, committed 21440K, reserved 1114112K
  class space    used 2083K, committed 2240K, reserved 1048576K
}
Event: 11.306 GC heap before
{Heap before GC invocations=5 (full 0):
 garbage-first heap   total reserved 1533952K, committed 98304K, used 19572K [0x00000000a2600000, 0x0000000100000000)
  region size 1024K, 10 young (10240K), 1 survivors (1024K)
 Metaspace       used 21239K, committed 21504K, reserved 1114112K
  class space    used 2096K, committed 2240K, reserved 1048576K
}
Event: 11.308 GC heap after
{Heap after GC invocations=6 (full 0):
 garbage-first heap   total reserved 1533952K, committed 98304K, used 10646K [0x00000000a2600000, 0x0000000100000000)
  region size 1024K, 1 young (1024K), 1 survivors (1024K)
 Metaspace       used 21239K, committed 21504K, reserved 1114112K
  class space    used 2096K, committed 2240K, reserved 1048576K
}
Event: 11.978 GC heap before
{Heap before GC invocations=7 (full 0):
 garbage-first heap   total reserved 1533952K, committed 40960K, used 39318K [0x00000000a2600000, 0x0000000100000000)
  region size 1024K, 29 young (29696K), 1 survivors (1024K)
 Metaspace       used 24277K, committed 24704K, reserved 1114112K
  class space    used 2424K, committed 2624K, reserved 1048576K
}
Event: 11.986 GC heap after
{Heap after GC invocations=8 (full 0):
 garbage-first heap   total reserved 1533952K, committed 43008K, used 11785K [0x00000000a2600000, 0x0000000100000000)
  region size 1024K, 2 young (2048K), 2 survivors (2048K)
 Metaspace       used 24277K, committed 24704K, reserved 1114112K
  class space    used 2424K, committed 2624K, reserved 1048576K
}
Event: 12.383 GC heap before
{Heap before GC invocations=8 (full 0):
 garbage-first heap   total reserved 1533952K, committed 43008K, used 35337K [0x00000000a2600000, 0x0000000100000000)
  region size 1024K, 25 young (25600K), 2 survivors (2048K)
 Metaspace       used 25155K, committed 25536K, reserved 1114112K
  class space    used 2512K, committed 2688K, reserved 1048576K
}
Event: 12.391 GC heap after
{Heap after GC invocations=9 (full 0):
 garbage-first heap   total reserved 1533952K, committed 43008K, used 13903K [0x00000000a2600000, 0x0000000100000000)
  region size 1024K, 4 young (4096K), 4 survivors (4096K)
 Metaspace       used 25155K, committed 25536K, reserved 1114112K
  class space    used 2512K, committed 2688K, reserved 1048576K
}
Event: 12.731 GC heap before
{Heap before GC invocations=9 (full 0):
 garbage-first heap   total reserved 1533952K, committed 43008K, used 34383K [0x00000000a2600000, 0x0000000100000000)
  region size 1024K, 24 young (24576K), 4 survivors (4096K)
 Metaspace       used 25949K, committed 26368K, reserved 1114112K
  class space    used 2625K, committed 2816K, reserved 1048576K
}
Event: 12.740 GC heap after
{Heap after GC invocations=10 (full 0):
 garbage-first heap   total reserved 1533952K, committed 63488K, used 15249K [0x00000000a2600000, 0x0000000100000000)
  region size 1024K, 2 young (2048K), 2 survivors (2048K)
 Metaspace       used 25949K, committed 26368K, reserved 1114112K
  class space    used 2625K, committed 2816K, reserved 1048576K
}
Event: 916.851 GC heap before
{Heap before GC invocations=10 (full 0):
 garbage-first heap   total reserved 1533952K, committed 63488K, used 51089K [0x00000000a2600000, 0x0000000100000000)
  region size 1024K, 37 young (37888K), 2 survivors (2048K)
 Metaspace       used 29684K, committed 30144K, reserved 1114112K
  class space    used 3131K, committed 3328K, reserved 1048576K
}
Event: 916.902 GC heap after
{Heap after GC invocations=11 (full 0):
 garbage-first heap   total reserved 1533952K, committed 63488K, used 17035K [0x00000000a2600000, 0x0000000100000000)
  region size 1024K, 4 young (4096K), 4 survivors (4096K)
 Metaspace       used 29684K, committed 30144K, reserved 1114112K
  class space    used 3131K, committed 3328K, reserved 1048576K
}
Event: 5293.198 GC heap before
{Heap before GC invocations=11 (full 0):
 garbage-first heap   total reserved 1533952K, committed 63488K, used 50827K [0x00000000a2600000, 0x0000000100000000)
  region size 1024K, 37 young (37888K), 4 survivors (4096K)
 Metaspace       used 30226K, committed 30720K, reserved 1114112K
  class space    used 3143K, committed 3392K, reserved 1048576K
}
Event: 5293.295 GC heap after
{Heap after GC invocations=12 (full 0):
 garbage-first heap   total reserved 1533952K, committed 63488K, used 16992K [0x00000000a2600000, 0x0000000100000000)
  region size 1024K, 2 young (2048K), 2 survivors (2048K)
 Metaspace       used 30226K, committed 30720K, reserved 1114112K
  class space    used 3143K, committed 3392K, reserved 1048576K
}

Dll operation events (10 events):
Event: 0.085 Loaded shared library C:\Program Files\Java\jdk-24\bin\java.dll
Event: 0.339 Loaded shared library C:\Program Files\Java\jdk-24\bin\jsvml.dll
Event: 0.385 Loaded shared library C:\Program Files\Java\jdk-24\bin\net.dll
Event: 0.397 Loaded shared library C:\Program Files\Java\jdk-24\bin\nio.dll
Event: 0.425 Loaded shared library C:\Program Files\Java\jdk-24\bin\zip.dll
Event: 0.599 Loaded shared library C:\Program Files\Java\jdk-24\bin\jimage.dll
Event: 2.280 Loaded shared library C:\Program Files\Java\jdk-24\bin\verify.dll
Event: 11.458 Loaded shared library C:\Program Files\Java\jdk-24\bin\extnet.dll
Event: 12.828 Loaded shared library C:\Program Files\Java\jdk-24\bin\management.dll
Event: 12.834 Loaded shared library C:\Program Files\Java\jdk-24\bin\management_ext.dll

Deoptimization events (20 events):
Event: 5935.212 Thread 0x0000027a931d3cd0 Uncommon trap: trap_request=0xffffff4d fr.pc=0x0000027a401b7d28 relative=0x0000000000004508
Event: 5935.212 Thread 0x0000027a931d3cd0 Uncommon trap: reason=unstable_if action=reinterpret pc=0x0000027a401b7d28 method=org.mozilla.javascript.TokenStream.getToken()I @ 1620 c2
Event: 5935.212 Thread 0x0000027a931d3cd0 DEOPT PACKING pc=0x0000027a401b7d28 sp=0x0000008e528fbfd0
Event: 5935.213 Thread 0x0000027a931d3cd0 DEOPT UNPACKING pc=0x0000027a3fa75d02 sp=0x0000008e528fbf90 mode 2
Event: 6444.210 Thread 0x0000027a931d3cd0 Uncommon trap: trap_request=0xffffff4d fr.pc=0x0000027a3ff362d0 relative=0x0000000000000250
Event: 6444.211 Thread 0x0000027a931d3cd0 Uncommon trap: reason=unstable_if action=reinterpret pc=0x0000027a3ff362d0 method=java.lang.CharacterDataLatin1.equalsIgnoreCase(BB)Z @ 54 c2
Event: 6444.211 Thread 0x0000027a931d3cd0 DEOPT PACKING pc=0x0000027a3ff362d0 sp=0x0000008e528fe030
Event: 6444.211 Thread 0x0000027a931d3cd0 DEOPT UNPACKING pc=0x0000027a3fa75d02 sp=0x0000008e528fdf28 mode 2
Event: 6444.274 Thread 0x0000027a931d3cd0 Uncommon trap: trap_request=0xffffff6e fr.pc=0x0000027a4012f860 relative=0x0000000000001540
Event: 6444.275 Thread 0x0000027a931d3cd0 Uncommon trap: reason=loop_limit_check action=maybe_recompile pc=0x0000027a4012f860 method=vendors.org.jsoup.parser.CharacterReader.rangeEquals([CIILjava/lang/String;)Z @ 18 c2
Event: 6444.276 Thread 0x0000027a931d3cd0 DEOPT PACKING pc=0x0000027a4012f860 sp=0x0000008e528fe400
Event: 6444.276 Thread 0x0000027a931d3cd0 DEOPT UNPACKING pc=0x0000027a3fa75d02 sp=0x0000008e528fe378 mode 2
Event: 6444.286 Thread 0x0000027a931d3cd0 Uncommon trap: trap_request=0xffffff4d fr.pc=0x0000027a400465c4 relative=0x0000000000000584
Event: 6444.287 Thread 0x0000027a931d3cd0 Uncommon trap: reason=unstable_if action=reinterpret pc=0x0000027a400465c4 method=java.lang.String.substring(II)Ljava/lang/String; @ 31 c2
Event: 6444.287 Thread 0x0000027a931d3cd0 DEOPT PACKING pc=0x0000027a400465c4 sp=0x0000008e528fe250
Event: 6444.287 Thread 0x0000027a931d3cd0 DEOPT UNPACKING pc=0x0000027a3fa75d02 sp=0x0000008e528fe1b0 mode 2
Event: 6444.326 Thread 0x0000027a931d3cd0 Uncommon trap: trap_request=0xffffffde fr.pc=0x0000027a4020b2c8 relative=0x0000000000000a08
Event: 6444.326 Thread 0x0000027a931d3cd0 Uncommon trap: reason=class_check action=maybe_recompile pc=0x0000027a4020b2c8 method=java.util.stream.MatchOps$1MatchSink.accept(Ljava/lang/Object;)V @ 12 c2
Event: 6444.326 Thread 0x0000027a931d3cd0 DEOPT PACKING pc=0x0000027a4020b2c8 sp=0x0000008e528fe620
Event: 6444.327 Thread 0x0000027a931d3cd0 DEOPT UNPACKING pc=0x0000027a3fa75d02 sp=0x0000008e528fe568 mode 2

Classes loaded (20 events):
Event: 6406.265 Loading class sun/misc/Unsafe$MemoryAccessOption
Event: 6406.266 Loading class sun/misc/Unsafe$MemoryAccessOption done
Event: 6406.288 Loading class sun/misc/Unsafe$StackWalkerHolder
Event: 6406.288 Loading class sun/misc/Unsafe$StackWalkerHolder done
Event: 6406.301 Loading class java/util/stream/WhileOps
Event: 6406.303 Loading class java/util/stream/WhileOps done
Event: 6406.303 Loading class java/util/stream/WhileOps$1Op
Event: 6406.304 Loading class java/util/stream/WhileOps$DropWhileOp
Event: 6406.304 Loading class java/util/stream/WhileOps$DropWhileOp done
Event: 6406.304 Loading class java/util/stream/WhileOps$1Op done
Event: 6406.305 Loading class java/util/stream/SliceOps
Event: 6406.306 Loading class java/util/stream/SliceOps done
Event: 6406.306 Loading class java/util/stream/SliceOps$1
Event: 6406.306 Loading class java/util/stream/SliceOps$1 done
Event: 6406.391 Loading class java/util/stream/SliceOps$1$1
Event: 6406.393 Loading class java/util/stream/SliceOps$1$1 done
Event: 6406.393 Loading class java/util/stream/WhileOps$1Op$1OpSink
Event: 6406.394 Loading class java/util/stream/WhileOps$DropWhileSink
Event: 6406.394 Loading class java/util/stream/WhileOps$DropWhileSink done
Event: 6406.395 Loading class java/util/stream/WhileOps$1Op$1OpSink done

Classes unloaded (0 events):
No events

Classes redefined (0 events):
No events

Internal exceptions (20 events):
Event: 12.375 Thread 0x0000027a2d830130 Exception <a 'java/lang/NoSuchMethodError'{0x00000000a35acdf0}: 'void java.lang.invoke.Invokers$Holder.invokeExact_MT(java.lang.Object, java.lang.Object, int, java.lang.Object)'> (0x00000000a35acdf0) 
thrown [s\open\src\hotspot\share\interpreter\linkResolver.cpp, line 805]
Event: 12.479 Thread 0x0000027a2d830130 Exception <a 'java/lang/NoSuchMethodError'{0x00000000a4848940}: 'void java.lang.invoke.DirectMethodHandle$Holder.invokeStatic(java.lang.Object, int, java.lang.Object)'> (0x00000000a4848940) 
thrown [s\open\src\hotspot\share\interpreter\linkResolver.cpp, line 805]
Event: 12.486 Thread 0x0000027a92b23d80 Implicit null exception at 0x0000027a400ba3d3 to 0x0000027a400ba4f8
Event: 12.690 Thread 0x0000027a2d830130 Exception <a 'java/lang/NoSuchMethodError'{0x00000000a3c0e760}: 'int java.lang.invoke.DirectMethodHandle$Holder.invokeSpecial(java.lang.Object, java.lang.Object, java.lang.Object, java.lang.Object, java.lang.Object)'> (0x00000000a3c0e760) 
thrown [s\open\src\hotspot\share\interpreter\linkResolver.cpp, line 805]
Event: 12.703 Thread 0x0000027a2d830130 Exception <a 'java/lang/NoSuchMethodError'{0x00000000a3ccc760}: 'java.lang.Object java.lang.invoke.DirectMethodHandle$Holder.invokeVirtual(java.lang.Object, java.lang.Object, java.lang.Object, java.lang.Object, java.lang.Object, java.lang.Object)'> (0x00000000a3ccc760) 
thrown [s\open\src\hotspot\share\interpreter\linkResolver.cpp, line 805]
Event: 12.715 Thread 0x0000027a2d830130 Exception <a 'java/lang/NoSuchMethodError'{0x00000000a3b25f08}: 'java.lang.Object java.lang.invoke.DirectMethodHandle$Holder.invokeVirtual(java.lang.Object, java.lang.Object, java.lang.Object, java.lang.Object, java.lang.Object)'> (0x00000000a3b25f08) 
thrown [s\open\src\hotspot\share\interpreter\linkResolver.cpp, line 805]
Event: 12.716 Thread 0x0000027a2d830130 Exception <a 'java/lang/NoSuchMethodError'{0x00000000a3b48978}: 'java.lang.Object java.lang.invoke.Invokers$Holder.invokeExact_MT(java.lang.Object, java.lang.Object, java.lang.Object, java.lang.Object, java.lang.Object, java.lang.Object)'> (0x00000000a3b48978) 
thrown [s\open\src\hotspot\share\interpreter\linkResolver.cpp, line 805]
Event: 12.792 Thread 0x0000027a2d830130 Exception <a 'java/lang/NoSuchMethodError'{0x00000000a8397b08}: 'long java.lang.invoke.DirectMethodHandle$Holder.invokeSpecial(java.lang.Object, java.lang.Object)'> (0x00000000a8397b08) 
thrown [s\open\src\hotspot\share\interpreter\linkResolver.cpp, line 805]
Event: 12.796 Thread 0x0000027a2d830130 Exception <a 'java/lang/NoSuchMethodError'{0x00000000a83ed7a8}: 'void java.lang.invoke.DirectMethodHandle$Holder.invokeVirtual(java.lang.Object, java.lang.Object, long)'> (0x00000000a83ed7a8) 
thrown [s\open\src\hotspot\share\interpreter\linkResolver.cpp, line 805]
Event: 12.802 Thread 0x0000027a2d830130 Exception <a 'java/lang/NoSuchMethodError'{0x00000000a7a410e0}: 'java.lang.Object java.lang.invoke.DirectMethodHandle$Holder.newInvokeSpecial(java.lang.Object, java.lang.Object, int, java.lang.Object, java.lang.Object)'> (0x00000000a7a410e0) 
thrown [s\open\src\hotspot\share\interpreter\linkResolver.cpp, line 805]
Event: 12.807 Thread 0x0000027a2d830130 Exception <a 'java/lang/NoSuchMethodError'{0x00000000a7a62b28}: 'java.lang.Object java.lang.invoke.DirectMethodHandle$Holder.newInvokeSpecial(java.lang.Object, java.lang.Object, java.lang.Object, int)'> (0x00000000a7a62b28) 
thrown [s\open\src\hotspot\share\interpreter\linkResolver.cpp, line 805]
Event: 12.808 Thread 0x0000027a2d830130 Exception <a 'java/lang/NoSuchMethodError'{0x00000000a7a6ad78}: 'java.lang.Object java.lang.invoke.Invokers$Holder.linkToTargetMethod(java.lang.Object, java.lang.Object, int, java.lang.Object)'> (0x00000000a7a6ad78) 
thrown [s\open\src\hotspot\share\interpreter\linkResolver.cpp, line 805]
Event: 14.110 Thread 0x0000027a931d3cd0 Exception <a 'java/lang/NoSuchMethodError'{0x00000000a5d97500}: 'int java.lang.invoke.Invokers$Holder.invokeExact_MT(java.lang.Object, java.lang.Object, java.lang.Object)'> (0x00000000a5d97500) 
thrown [s\open\src\hotspot\share\interpreter\linkResolver.cpp, line 805]
Event: 14.897 Thread 0x0000027a931d3cd0 Exception <a 'java/lang/IncompatibleClassChangeError'{0x00000000a57140f0}: Found class java.lang.Object, but interface was expected> (0x00000000a57140f0) 
thrown [s\open\src\hotspot\share\interpreter\linkResolver.cpp, line 872]
Event: 14.998 Thread 0x0000027a931d3cd0 Exception <a 'java/lang/IncompatibleClassChangeError'{0x00000000a571d088}: Found class java.lang.Object, but interface was expected> (0x00000000a571d088) 
thrown [s\open\src\hotspot\share\interpreter\linkResolver.cpp, line 872]
Event: 14.998 Thread 0x0000027a931d3cd0 Exception <a 'java/lang/NoSuchMethodError'{0x00000000a571e408}: 'void java.lang.invoke.DirectMethodHandle$Holder.invokeSpecial(java.lang.Object, java.lang.Object, int, java.lang.Object)'> (0x00000000a571e408) 
thrown [s\open\src\hotspot\share\interpreter\linkResolver.cpp, line 805]
Event: 15.000 Thread 0x0000027a931d3cd0 Exception <a 'java/lang/NoSuchMethodError'{0x00000000a572de10}: 'java.lang.Object java.lang.invoke.DirectMethodHandle$Holder.newInvokeSpecial(java.lang.Object, java.lang.Object, int)'> (0x00000000a572de10) 
thrown [s\open\src\hotspot\share\interpreter\linkResolver.cpp, line 805]
Event: 15.464 Thread 0x0000027a931d3cd0 Exception <a 'java/lang/IncompatibleClassChangeError'{0x00000000a4f784b8}: Found class java.lang.Object, but interface was expected> (0x00000000a4f784b8) 
thrown [s\open\src\hotspot\share\interpreter\linkResolver.cpp, line 872]
Event: 15.524 Thread 0x0000027a931d3cd0 Exception <a 'java/lang/IncompatibleClassChangeError'{0x00000000a4bf7910}: Found class java.lang.Object, but interface was expected> (0x00000000a4bf7910) 
thrown [s\open\src\hotspot\share\interpreter\linkResolver.cpp, line 872]
Event: 15.530 Thread 0x0000027a931d3cd0 Exception <a 'java/lang/IncompatibleClassChangeError'{0x00000000a4a47110}: Found class java.lang.Object, but interface was expected> (0x00000000a4a47110) 
thrown [s\open\src\hotspot\share\interpreter\linkResolver.cpp, line 872]

VM Operations (20 events):
Event: 60.280 Executing VM operation: HandshakeAllThreads (HandshakeForDeflation)
Event: 60.280 Executing VM operation: HandshakeAllThreads (HandshakeForDeflation) done
Event: 60.280 Executing VM operation: RendezvousGCThreads
Event: 60.280 Executing VM operation: RendezvousGCThreads done
Event: 902.188 Executing VM operation: HandshakeAllThreads (HandshakeForDeflation)
Event: 902.189 Executing VM operation: HandshakeAllThreads (HandshakeForDeflation) done
Event: 902.189 Executing VM operation: RendezvousGCThreads
Event: 902.189 Executing VM operation: RendezvousGCThreads done
Event: 916.848 Executing VM operation: G1CollectForAllocation (G1 Evacuation Pause)
Event: 916.902 Executing VM operation: G1CollectForAllocation (G1 Evacuation Pause) done
Event: 5293.193 Executing VM operation: G1CollectForAllocation (G1 Evacuation Pause)
Event: 5293.296 Executing VM operation: G1CollectForAllocation (G1 Evacuation Pause) done
Event: 6406.387 Executing VM operation: HandshakeAllThreads (Deoptimize)
Event: 6406.390 Executing VM operation: HandshakeAllThreads (Deoptimize) done
Event: 6434.165 Executing VM operation: HandshakeAllThreads (HandshakeForDeflation)
Event: 6434.166 Executing VM operation: HandshakeAllThreads (HandshakeForDeflation) done
Event: 6434.166 Executing VM operation: RendezvousGCThreads
Event: 6434.166 Executing VM operation: RendezvousGCThreads done
Event: 6444.259 Executing VM operation: HandshakeAllThreads (Deoptimize)
Event: 6444.259 Executing VM operation: HandshakeAllThreads (Deoptimize) done

Memory protections (0 events):
No events

Nmethod flushes (0 events):
No events

Events (20 events):
Event: 6045.493 Thread 0x0000027a92b23d80 Thread exited: 0x0000027a92b23d80
Event: 6045.513 Thread 0x0000027a92b1c880 Thread exited: 0x0000027a92b1c880
Event: 6045.533 Thread 0x0000027a92b20a50 Thread exited: 0x0000027a92b20a50
Event: 6045.554 Thread 0x0000027a92b20300 Thread exited: 0x0000027a92b20300
Event: 6045.574 Thread 0x0000027a92b23630 Thread exited: 0x0000027a92b23630
Event: 6103.376 Thread 0x0000027a931d3cd0 Thread added: 0x0000027a92b1d720
Event: 6182.501 Thread 0x0000027a92b1d720 Thread exited: 0x0000027a92b1d720
Event: 6210.470 Thread 0x0000027a931d3cd0 Thread added: 0x0000027a92b23630
Event: 6270.626 Thread 0x0000027a92b23630 Thread exited: 0x0000027a92b23630
Event: 6397.270 Thread 0x0000027a931d3cd0 Thread added: 0x0000027a92b1fbb0
Event: 6397.272 Thread 0x0000027a92b1fbb0 Thread added: 0x0000027a92b1d720
Event: 6397.273 Thread 0x0000027a92b1fbb0 Thread added: 0x0000027a92b23630
Event: 6397.273 Thread 0x0000027a92b1fbb0 Thread added: 0x0000027a92b1ed10
Event: 6397.275 Thread 0x0000027a931d3cd0 Thread added: 0x0000027a92b20300
Event: 6397.275 Thread 0x0000027a92b1d720 Thread added: 0x0000027a92b211a0
Event: 6397.276 Thread 0x0000027a931d3cd0 Thread added: 0x0000027a92b20a50
Event: 6397.276 Thread 0x0000027a92b23630 Thread added: 0x0000027a92b218f0
Event: 6397.276 Thread 0x0000027a931d3cd0 Thread added: 0x0000027a92b1c880
Event: 6397.277 Thread 0x0000027a92b1fbb0 Thread added: 0x0000027a92b23d80
Event: 6397.277 Thread 0x0000027a92b1ed10 Thread added: 0x0000027a930897c0


Dynamic libraries:
0x00007ff64b640000 - 0x00007ff64b650000 	C:\Program Files\Java\jdk-24\bin\java.exe
0x00007ff964c90000 - 0x00007ff964ea8000 	C:\Windows\SYSTEM32\ntdll.dll
0x00007ff963710000 - 0x00007ff9637d4000 	C:\Windows\System32\KERNEL32.DLL
0x00007ff962550000 - 0x00007ff962923000 	C:\Windows\System32\KERNELBASE.dll
0x00007ff9622c0000 - 0x00007ff9623d1000 	C:\Windows\System32\ucrtbase.dll
0x00007ff925700000 - 0x00007ff925716000 	C:\Program Files\Java\jdk-24\bin\jli.dll
0x00007ff963070000 - 0x00007ff963222000 	C:\Windows\System32\USER32.dll
0x00007ff961e50000 - 0x00007ff961e76000 	C:\Windows\System32\win32u.dll
0x00007ff9648b0000 - 0x00007ff9648d9000 	C:\Windows\System32\GDI32.dll
0x00007ff961e80000 - 0x00007ff961fa3000 	C:\Windows\System32\gdi32full.dll
0x00007ff961fb0000 - 0x00007ff96204a000 	C:\Windows\System32\msvcp_win.dll
0x00007ff950440000 - 0x00007ff9506dc000 	C:\Windows\WinSxS\amd64_microsoft.windows.common-controls_6595b64144ccf1df_6.0.22621.6060_none_2712eda17382d24b\COMCTL32.dll
0x00007ff912470000 - 0x00007ff91248b000 	C:\Program Files\Java\jdk-24\bin\VCRUNTIME140.dll
0x00007ff964970000 - 0x00007ff964a17000 	C:\Windows\System32\msvcrt.dll
0x00007ff963690000 - 0x00007ff9636c1000 	C:\Windows\System32\IMM32.DLL
0x00007ff94b740000 - 0x00007ff94b74c000 	C:\Program Files\Java\jdk-24\bin\vcruntime140_1.dll
0x00007ff8dd210000 - 0x00007ff8dd29e000 	C:\Program Files\Java\jdk-24\bin\msvcp140.dll
0x00007ff8da790000 - 0x00007ff8db531000 	C:\Program Files\Java\jdk-24\bin\server\jvm.dll
0x00007ff963470000 - 0x00007ff963521000 	C:\Windows\System32\ADVAPI32.dll
0x00007ff962930000 - 0x00007ff9629d8000 	C:\Windows\System32\sechost.dll
0x00007ff962290000 - 0x00007ff9622b8000 	C:\Windows\System32\bcrypt.dll
0x00007ff963350000 - 0x00007ff963468000 	C:\Windows\System32\RPCRT4.dll
0x00007ff962fe0000 - 0x00007ff963051000 	C:\Windows\System32\WS2_32.dll
0x00007ff95cf20000 - 0x00007ff95cf54000 	C:\Windows\SYSTEM32\WINMM.dll
0x00007ff961ab0000 - 0x00007ff961afd000 	C:\Windows\SYSTEM32\POWRPROF.dll
0x00007ff9585c0000 - 0x00007ff9585ca000 	C:\Windows\SYSTEM32\VERSION.dll
0x00007ff961a90000 - 0x00007ff961aa3000 	C:\Windows\SYSTEM32\UMPDC.dll
0x00007ff960d40000 - 0x00007ff960d58000 	C:\Windows\SYSTEM32\kernel.appcore.dll
0x00007ff94abb0000 - 0x00007ff94abba000 	C:\Program Files\Java\jdk-24\bin\jimage.dll
0x00007ff95f800000 - 0x00007ff95fa33000 	C:\Windows\SYSTEM32\DBGHELP.DLL
0x00007ff962c40000 - 0x00007ff962fd2000 	C:\Windows\System32\combase.dll
0x00007ff9638c0000 - 0x00007ff963998000 	C:\Windows\System32\OLEAUT32.dll
0x00007ff958720000 - 0x00007ff958752000 	C:\Windows\SYSTEM32\dbgcore.DLL
0x00007ff962050000 - 0x00007ff9620cb000 	C:\Windows\System32\bcryptPrimitives.dll
0x00007ff8f8270000 - 0x00007ff8f828e000 	C:\Program Files\Java\jdk-24\bin\java.dll
0x00007ff9639a0000 - 0x00007ff963b40000 	C:\Windows\System32\ole32.dll
0x00007ff964010000 - 0x00007ff9648ae000 	C:\Windows\System32\SHELL32.dll
0x00007ff962150000 - 0x00007ff96228f000 	C:\Windows\System32\wintypes.dll
0x00007ff95fc20000 - 0x00007ff960538000 	C:\Windows\SYSTEM32\windows.storage.dll
0x00007ff962a70000 - 0x00007ff962b74000 	C:\Windows\System32\SHCORE.dll
0x00007ff9637e0000 - 0x00007ff963849000 	C:\Windows\System32\shlwapi.dll
0x00007ff961cc0000 - 0x00007ff961ce5000 	C:\Windows\SYSTEM32\profapi.dll
0x00007ff8dd130000 - 0x00007ff8dd207000 	C:\Program Files\Java\jdk-24\bin\jsvml.dll
0x00007ff94aa40000 - 0x00007ff94aa50000 	C:\Program Files\Java\jdk-24\bin\net.dll
0x00007ff961240000 - 0x00007ff9612a9000 	C:\Windows\system32\mswsock.dll
0x00007ff8f8080000 - 0x00007ff8f8096000 	C:\Program Files\Java\jdk-24\bin\nio.dll
0x00007ff8f6070000 - 0x00007ff8f6087000 	C:\Program Files\Java\jdk-24\bin\zip.dll
0x00007ff9280e0000 - 0x00007ff9280f0000 	C:\Program Files\Java\jdk-24\bin\verify.dll
0x00007ff960810000 - 0x00007ff960908000 	C:\Windows\SYSTEM32\DNSAPI.dll
0x00007ff9607a0000 - 0x00007ff9607cd000 	C:\Windows\SYSTEM32\IPHLPAPI.DLL
0x00007ff963340000 - 0x00007ff963349000 	C:\Windows\System32\NSI.dll
0x00007ff9575c0000 - 0x00007ff9575ca000 	C:\Windows\System32\rasadhlp.dll
0x00007ff95b1e0000 - 0x00007ff95b264000 	C:\Windows\System32\fwpuclnt.dll
0x00007ff927840000 - 0x00007ff927849000 	C:\Program Files\Java\jdk-24\bin\extnet.dll
0x00007ff91bc10000 - 0x00007ff91bc1a000 	C:\Program Files\Java\jdk-24\bin\management.dll
0x00007ff914940000 - 0x00007ff91494b000 	C:\Program Files\Java\jdk-24\bin\management_ext.dll
0x00007ff963060000 - 0x00007ff963068000 	C:\Windows\System32\PSAPI.DLL

JVMTI agents: none

dbghelp: loaded successfully - version: 4.0.5 - missing functions: none
symbol engine: initialized successfully - sym options: 0x614 - pdb path: .;C:\Program Files\Java\jdk-24\bin;C:\Windows\SYSTEM32;C:\Windows\WinSxS\amd64_microsoft.windows.common-controls_6595b64144ccf1df_6.0.22621.6060_none_2712eda17382d24b;C:\Program Files\Java\jdk-24\bin\server

VM Arguments:
java_command: c:\Users\deeks\.vscode\extensions\salesforce.salesforce-vscode-slds-2.0.12\lsp-2.0.12-executable.jar --PORT=53712
java_class_path (initial): c:\Users\deeks\.vscode\extensions\salesforce.salesforce-vscode-slds-2.0.12\lsp-2.0.12-executable.jar
Launcher Type: SUN_STANDARD

[Global flags]
     intx CICompilerCount                          = 4                                         {product} {ergonomic}
     uint ConcGCThreads                            = 3                                         {product} {ergonomic}
     uint G1ConcRefinementThreads                  = 10                                        {product} {ergonomic}
   size_t G1HeapRegionSize                         = 1048576                                   {product} {ergonomic}
   size_t InitialHeapSize                          = 98566144                                  {product} {ergonomic}
   size_t MarkStackSize                            = 4194304                                   {product} {ergonomic}
   size_t MarkStackSizeMax                         = 536870912                                 {product} {ergonomic}
   size_t MaxHeapSize                              = 1570766848                                {product} {ergonomic}
   size_t MaxNewSize                               = 941621248                                 {product} {ergonomic}
   size_t MinHeapDeltaBytes                        = 1048576                                   {product} {ergonomic}
   size_t MinHeapSize                              = 8388608                                   {product} {ergonomic}
    uintx NonNMethodCodeHeapSize                   = 5832704                                {pd product} {ergonomic}
    uintx NonProfiledCodeHeapSize                  = 122945536                              {pd product} {ergonomic}
    uintx ProfiledCodeHeapSize                     = 122880000                              {pd product} {ergonomic}
    uintx ReservedCodeCacheSize                    = 251658240                              {pd product} {ergonomic}
     bool SegmentedCodeCache                       = true                                      {product} {ergonomic}
   size_t SoftMaxHeapSize                          = 1570766848                             {manageable} {ergonomic}
     bool UseCompressedOops                        = true                           {product lp64_product} {ergonomic}
     bool UseG1GC                                  = true                                      {product} {ergonomic}
     bool UseLargePagesIndividualAllocation        = false                                  {pd product} {ergonomic}

Logging:
Log output configuration:
 #0: stdout all=warning uptime,level,tags foldmultilines=false
 #1: stderr all=off uptime,level,tags foldmultilines=false

Environment Variables:
PATH=C:\Users\deeks\AppData\Local\Programs\Microsoft VS Code;C:\Program Files\Common Files\Oracle\Java\javapath;C:\Windows\system32;C:\Windows;C:\Windows\System32\Wbem;C:\Windows\System32\WindowsPowerShell\v1.0\;C:\Windows\System32\OpenSSH\;C:\Windows\Microsoft.NET\Framework64\v4.0.30319;C:\Windows\Microsoft.NET\Framework64\v4.0.30319;C:\Windows\Microsoft.NET\Framework64\v4.0.30319;C:\Windows\Microsoft.NET\Framework64\v4.0.30319;C:\Windows\Microsoft.NET\Framework64\v4.0.30319;C:\Program Files\nodejs;C:\Users\deeks\OneDrive\Desktop\Webprogramming;C:\Users\deeks\Downloads\flutter_windows_3.24.1-stable\flutter\bin;C:\Users\deeks\Downloads\flutter_windows_3.24.1-stable\flutter\bin;r;C:\Users\deeks\Downloads\flutter_windows_3.24.1-stable\flutter\bin;C:\Users\deeks\OneDrive\Desktop;C:\Users\deeks\Downloads\GitHubDesktopSetup-x64.exe;C:\Users\deeks\OneDrive\Desktop\GitHub Desktop.lnk;C:\Users\deeks\OneDrive\Desktop\GitHub Desktop.lnk;C:\Program Files\Git\cmd;C:\Program Files\Git\bin;C:\Program Files\Git\cmd;C:\Users\deeks\OneDrive\Desktop\Visual Studio Code.lnk;C:\Program Files\Git\bin;C:\Program Files\Git\cmd;C:\Program Files (x86)\Windows Kits\10\Windows Performance Toolkit\;C:\flutter_windows_3.24.1-stable\flutter\bin;C:\Users\deeks\OneDrive\Desktop;C:\Program Files\nodejs;C:\Program Files\MySQL\MySQL Server 8.0\bin;C:\Users\deeks\AppData\Local\Packages\PythonSoftwareFoundation.Python.3.11_qbz5n2kfra8p0\LocalCache\local-packages\Python311\Scripts;C:\Users\deek\AppData\Local\Programs\Python\Python311\Scripts;C:\Users\deeks\AppData\Local\Programs\Python\Python311\Scripts;C:\Program Files\sf\bin;C:\Program Files\Java\jdk-24\bin;C:\Users\deeks\AppData\Local\Programs\Python\Python312;C:\Users\deeks\AppData\Local\Programs\Python\Python312\Scripts;C:\Program Files\Docker\Docker\resources\bin;C:\Users\deeks\;C:\Users\deeks\node.exe;C:\Users\deeks\AppData\Local\Programs\Python\Python311\Scripts\;C:\Users\deeks\AppData\Local\Programs\Python\Python311\;C:\Program Files\MySQL\MySQL Shell 8.0\bin\;C:\Users\deeks\AppData\Local\Microsoft\WindowsApps;C:\Program Files\nodejs;C:\Program Files\nodejs;C:\Program Files\nodejs;C:\Users\deeks\Downloads\flutter_windows_3.24.1-stable.zip\flutter\bin;C:\Users\deeks\Downloads\flutter_windows_3.24.1-stable.zip\flutter\bin;C:\Users\deeks\Downloads\flutter_windows_3.24.1-stable\flutter\bin;C:\Users\deeks\Downloads\flutter_windows_3.24.1-stable\flutter\bin;C:\Users\deeks\AppData\Local\Programs\Microsoft VS Code\bin;C:\Program Files\WindowsApps\PythonSoftwareFoundation.Python.3.11_3.11.2544.0_x64__qbz5n2kfra8p0\python3.11.exe;C:\Program Files\sf\bin;C:\Program Files\Java\jdk-24\bin;C:\Users\deeks\AppData\Roaming\npm;C:\Users\deeks\node.exe;
USERNAME=deeks
OS=Windows_NT
PROCESSOR_IDENTIFIER=AMD64 Family 23 Model 104 Stepping 1, AuthenticAMD
TMP=C:\Users\deeks\AppData\Local\Temp
TEMP=C:\Users\deeks\AppData\Local\Temp




Periodic native trim disabled

---------------  S Y S T E M  ---------------

OS:
 Windows 11 , 64 bit Build 22621 (10.0.22621.5415)
OS uptime: 52 days 4:49 hours
Hyper-V role detected

CPU: total 12 (initial active 12) (12 cores per cpu, 2 threads per core) family 23 model 104 stepping 1 microcode 0x0, cx8, cmov, fxsr, ht, mmx, 3dnowpref, sse, sse2, sse3, ssse3, sse4a, sse4.1, sse4.2, popcnt, lzcnt, tsc, tscinvbit, avx, avx2, aes, clmul, bmi1, bmi2, adx, sha, fma, vzeroupper, clflush, clflushopt, hv, rdtscp, rdpid, f16c
Processor Information for the first 12 processors :
  Max Mhz: 2100, Current Mhz: 2100, Mhz Limit: 2100

Memory: 4k page, system-wide physical 5989M (64M free)
TotalPageFile size 24421M (AvailPageFile size 0M)
current process WorkingSet (physical memory assigned to process): 78M, peak: 170M
current process commit charge ("private bytes"): 213M, peak: 253M

vm_info: Java HotSpot(TM) 64-Bit Server VM (24.0.2+12-54) for windows-amd64 JRE (24.0.2+12-54), built on 2025-07-08T12:10:27Z with MS VC++ 17.6 (VS2022)

END.
